
2026-07-19T23:00:38+02:00 job start kind=adaptation_extraction experiment_mode=test skip_complete=true tasks=2 datasets=electricity models=chronos settings=168:24 distance_spaces=raw neighbors=3

2026-07-19T23:00:38+02:00 extraction start configuration=1/2 dataset=electricity model=chronos lags=168 horizon=24 retrieval=vanilla datastore_stride=168 train_stride=256 oracle_stride=256 eval_stride=256 max_store_windows=2048 seed=1
2026-07-19 23:00:41,804 INFO [__main__] ========================================================================
2026-07-19 23:00:41,804 INFO [__main__] experiment start kind=extraction dataset=electricity model=chronos lags=168 horizon=24 neighbors=0 distance=raw/euclidean
2026-07-19 23:00:41,919 INFO [__main__] existing extraction not reusable dir=/home/h61084/codes/adapts/outputs/adaptation/electricity/168_24/chronos/vanilla reason=missing completion marker: /home/h61084/codes/adapts/outputs/adaptation/electricity/168_24/chronos/vanilla/extraction_manifest.json
2026-07-19 23:00:41,919 INFO [__main__] dataset load start
2026-07-19 23:00:41,920 INFO [src.data.load_dataset] loaded dataset config path=/home/h61084/codes/adapts/datasets/electricity/config.json keys=['drop_users']
2026-07-19 23:00:43,029 INFO [__main__] dataset load done dates=26304 users=312
2026-07-19 23:00:43,029 INFO [__main__] model load start
2026-07-19 23:00:56,769 INFO [__main__] model load done name=chronos device=cuda parameters_total=119,477,664 parameters_trainable=0
2026-07-19 23:00:56,770 INFO [__main__] extraction start split=train queries=36
2026-07-19 23:01:03,019 INFO [__main__] extraction done split=train
2026-07-19 23:01:03,019 INFO [__main__] extraction start split=oracle queries=15
2026-07-19 23:01:05,646 INFO [__main__] extraction done split=oracle
2026-07-19 23:01:05,646 INFO [__main__] extraction start split=eval queries=20
2026-07-19 23:01:08,744 INFO [__main__] extraction done split=eval
2026-07-19 23:01:08,762 INFO [__main__] vanilla metrics saved path=/home/h61084/codes/adapts/outputs/adaptation/electricity/168_24/chronos/vanilla/vanilla_metrics.json
2026-07-19 23:01:08,768 INFO [__main__] completion marker saved path=/home/h61084/codes/adapts/outputs/adaptation/electricity/168_24/chronos/vanilla/extraction_manifest.json
2026-07-19 23:01:08,768 INFO [__main__] outputs saved dir=/home/h61084/codes/adapts/outputs/adaptation/electricity/168_24/chronos/vanilla
2026-07-19 23:01:08,768 INFO [__main__] experiment done seconds=26.96
2026-07-19 23:01:08,768 INFO [__main__] ========================================================================
2026-07-19T23:01:10+02:00 extraction done configuration=1/2 dataset=electricity model=chronos lags=168 horizon=24 retrieval=vanilla

2026-07-19T23:01:10+02:00 extraction start configuration=2/2 dataset=electricity model=chronos lags=168 horizon=24 retrieval=raw_euclidean_3_online datastore_stride=168 train_stride=256 oracle_stride=256 eval_stride=256 max_store_windows=2048 seed=1
2026-07-19 23:01:13,398 INFO [__main__] ========================================================================
2026-07-19 23:01:13,398 INFO [__main__] experiment start kind=extraction dataset=electricity model=chronos lags=168 horizon=24 neighbors=3 distance=raw/euclidean
2026-07-19 23:01:13,508 INFO [__main__] existing extraction not reusable dir=/home/h61084/codes/adapts/outputs/adaptation/electricity/168_24/chronos/raw_euclidean_3_online/extracted reason=missing completion marker: /home/h61084/codes/adapts/outputs/adaptation/electricity/168_24/chronos/raw_euclidean_3_online/extracted/extraction_manifest.json
2026-07-19 23:01:13,508 INFO [__main__] dataset load start
2026-07-19 23:01:13,509 INFO [src.data.load_dataset] loaded dataset config path=/home/h61084/codes/adapts/datasets/electricity/config.json keys=['drop_users']
2026-07-19 23:01:14,573 INFO [__main__] dataset load done dates=26304 users=312
2026-07-19 23:01:14,573 INFO [__main__] model load start
2026-07-19 23:01:24,387 INFO [__main__] model load done name=chronos device=cuda parameters_total=119,477,664 parameters_trainable=0
2026-07-19 23:01:24,388 INFO [__main__] extraction start split=train queries=36
2026-07-19 23:02:01,176 INFO [__main__] extraction done split=train
2026-07-19 23:02:01,177 INFO [__main__] extraction start split=oracle queries=15
2026-07-19 23:02:16,496 INFO [__main__] extraction done split=oracle
2026-07-19 23:02:16,496 INFO [__main__] extraction start split=eval queries=20
2026-07-19 23:02:36,689 INFO [__main__] extraction done split=eval
2026-07-19 23:02:37,613 INFO [__main__] completion marker saved path=/home/h61084/codes/adapts/outputs/adaptation/electricity/168_24/chronos/raw_euclidean_3_online/extracted/extraction_manifest.json
2026-07-19 23:02:37,613 INFO [__main__] outputs saved dir=/home/h61084/codes/adapts/outputs/adaptation/electricity/168_24/chronos/raw_euclidean_3_online/extracted
2026-07-19 23:02:37,613 INFO [__main__] experiment done seconds=84.21
2026-07-19 23:02:37,613 INFO [__main__] ========================================================================
2026-07-19T23:02:39+02:00 extraction done configuration=2/2 dataset=electricity model=chronos lags=168 horizon=24 retrieval=raw_euclidean_3_online

2026-07-19T23:02:39+02:00 job done kind=adaptation_extraction output=outputs/adaptation
