
2026-07-20T17:47:26+02:00 job start kind=adaptation_extraction experiment_mode=test skip_complete=true tasks=2 datasets=electricity models=chronos settings=168:24 distance_spaces=raw neighbors=3

2026-07-20T17:47:26+02:00 extraction start configuration=1/2 dataset=electricity model=chronos lags=168 horizon=24 retrieval=vanilla datastore_stride=168 train_stride=256 oracle_stride=256 eval_stride=256 max_store_windows=2048 seed=1
2026-07-20 17:47:28,887 INFO [__main__] ========================================================================
2026-07-20 17:47:28,887 INFO [__main__] experiment start kind=extraction dataset=electricity model=chronos lags=168 horizon=24 neighbors=0 distance=raw/euclidean
2026-07-20 17:47:29,108 INFO [__main__] existing extraction not reusable dir=/home/h61084/codes/adapts/outputs/adaptation/electricity/168_24/chronos/vanilla reason=missing completion marker: /home/h61084/codes/adapts/outputs/adaptation/electricity/168_24/chronos/vanilla/extraction_manifest.json
2026-07-20 17:47:29,108 INFO [__main__] dataset load start
2026-07-20 17:47:29,109 INFO [src.data.load_dataset] loaded dataset config path=/home/h61084/codes/datasets/electricity/config.json keys=['drop_users']
2026-07-20 17:47:29,806 INFO [__main__] dataset load done dates=26304 users=312
2026-07-20 17:47:29,807 INFO [__main__] model load start
2026-07-20 17:47:41,510 INFO [__main__] model load done name=chronos device=cuda parameters_total=119,477,664 parameters_trainable=0
2026-07-20 17:47:41,511 INFO [__main__] extraction start split=train queries=36
2026-07-20 17:47:44,861 INFO [__main__] extraction done split=train
2026-07-20 17:47:44,861 INFO [__main__] extraction start split=oracle queries=15
2026-07-20 17:47:46,209 INFO [__main__] extraction done split=oracle
2026-07-20 17:47:46,209 INFO [__main__] extraction start split=eval queries=20
2026-07-20 17:47:47,937 INFO [__main__] extraction done split=eval
2026-07-20 17:47:47,953 INFO [__main__] vanilla metrics saved path=/home/h61084/codes/adapts/outputs/adaptation/electricity/168_24/chronos/vanilla/vanilla_metrics.json
2026-07-20 17:47:47,957 INFO [__main__] completion marker saved path=/home/h61084/codes/adapts/outputs/adaptation/electricity/168_24/chronos/vanilla/extraction_manifest.json
2026-07-20 17:47:47,957 INFO [__main__] outputs saved dir=/home/h61084/codes/adapts/outputs/adaptation/electricity/168_24/chronos/vanilla
2026-07-20 17:47:47,957 INFO [__main__] experiment done seconds=19.07
2026-07-20 17:47:47,957 INFO [__main__] ========================================================================
2026-07-20T17:47:48+02:00 extraction done configuration=1/2 dataset=electricity model=chronos lags=168 horizon=24 retrieval=vanilla

2026-07-20T17:47:48+02:00 extraction start configuration=2/2 dataset=electricity model=chronos lags=168 horizon=24 retrieval=raw_euclidean_3_online datastore_stride=168 train_stride=256 oracle_stride=256 eval_stride=256 max_store_windows=2048 seed=1
2026-07-20 17:47:50,796 INFO [__main__] ========================================================================
2026-07-20 17:47:50,796 INFO [__main__] experiment start kind=extraction dataset=electricity model=chronos lags=168 horizon=24 neighbors=3 distance=raw/euclidean
2026-07-20 17:47:51,022 INFO [__main__] existing extraction not reusable dir=/home/h61084/codes/adapts/outputs/adaptation/electricity/168_24/chronos/raw_euclidean_3_online/extracted reason=missing completion marker: /home/h61084/codes/adapts/outputs/adaptation/electricity/168_24/chronos/raw_euclidean_3_online/extracted/extraction_manifest.json
2026-07-20 17:47:51,022 INFO [__main__] dataset load start
2026-07-20 17:47:51,023 INFO [src.data.load_dataset] loaded dataset config path=/home/h61084/codes/datasets/electricity/config.json keys=['drop_users']
2026-07-20 17:47:51,714 INFO [__main__] dataset load done dates=26304 users=312
2026-07-20 17:47:51,715 INFO [__main__] model load start
2026-07-20 17:47:59,280 INFO [__main__] model load done name=chronos device=cuda parameters_total=119,477,664 parameters_trainable=0
2026-07-20 17:47:59,281 INFO [__main__] extraction start split=train queries=36
2026-07-20 17:48:17,598 INFO [__main__] extraction done split=train
2026-07-20 17:48:17,599 INFO [__main__] extraction start split=oracle queries=15
2026-07-20 17:48:25,246 INFO [__main__] extraction done split=oracle
2026-07-20 17:48:25,246 INFO [__main__] extraction start split=eval queries=20
2026-07-20 17:48:35,462 INFO [__main__] extraction done split=eval
2026-07-20 17:48:36,183 INFO [__main__] completion marker saved path=/home/h61084/codes/adapts/outputs/adaptation/electricity/168_24/chronos/raw_euclidean_3_online/extracted/extraction_manifest.json
2026-07-20 17:48:36,183 INFO [__main__] outputs saved dir=/home/h61084/codes/adapts/outputs/adaptation/electricity/168_24/chronos/raw_euclidean_3_online/extracted
2026-07-20 17:48:36,183 INFO [__main__] experiment done seconds=45.39
2026-07-20 17:48:36,183 INFO [__main__] ========================================================================
2026-07-20T17:48:37+02:00 extraction done configuration=2/2 dataset=electricity model=chronos lags=168 horizon=24 retrieval=raw_euclidean_3_online

2026-07-20T17:48:37+02:00 job done kind=adaptation_extraction output=outputs/adaptation
