
2026-07-19T14:22:48+02:00 job start kind=ts_ifa_training test_mode=true tasks=1 datasets=electricity models=chronos settings=168:24 distance_spaces=raw neighbors=3
2026-07-19 14:22:50,768 INFO [__main__] extraction validation directory=outputs/adaptation/electricity/168_24/chronos/raw_euclidean_3_online/extracted status=complete

2026-07-19T14:22:51+02:00 training start configuration=1/1 dataset=electricity model=chronos lags=168 horizon=24 retrieval=raw_euclidean_3_online epochs=2 batch_size=256 learning_rate=0.00001 weight_decay=0.0001 beta=0.01 gamma=0.01 dropout=0.0 attention_heads=4 attention_dim=32 hidden_dim=128 mixture_gate_init=-6.0 seed=1
2026-07-19 14:22:54,069 INFO [__main__] ========================================================================
2026-07-19 14:22:54,175 INFO [__main__] experiment start kind=ts_ifa_train input=outputs/adaptation/electricity/168_24/chronos/raw_euclidean_3_online/extracted epochs=2 batch_size=256
2026-07-19 14:22:54,175 INFO [__main__] payload load start
2026-07-19 14:22:56,281 INFO [__main__] payload load done train_samples=32 valid_samples=32 eval_samples=32
2026-07-19 14:22:56,435 INFO [__main__] payload scale split=train samples=32 std_min=2.49602 std_q001=2.6204 std_q01=3.73981 std_q05=8.48149 std_q10=15.1653 std_median=90.8495 below_1e-8=0 below_1e-6=0 below_1e-3=0
2026-07-19 14:22:56,435 INFO [__main__] payload scale split=valid samples=32 std_min=1.1749 std_q001=1.22248 std_q01=1.65072 std_q05=6.97415 std_q10=15.4449 std_median=86.5499 below_1e-8=0 below_1e-6=0 below_1e-3=0
2026-07-19 14:22:56,435 INFO [__main__] payload scale split=eval samples=32 std_min=1.32202 std_q001=1.49769 std_q01=3.07872 std_q05=7.62317 std_q10=14.0913 std_median=54.9314 below_1e-8=0 below_1e-6=0 below_1e-3=0
2026-07-19 14:22:56,656 INFO [__main__] model ready name=TS-IFA device=cuda parameters_total=841,704 parameters_trainable=841,704
2026-07-19 14:22:56,656 INFO [__main__] training start epochs=2 steps_per_epoch=1 total_steps=2 valid_eval_freq=1 logging_eval_freq=1
2026-07-19 14:22:58,024 INFO [__main__] training progress step=1/2 epoch=1/2 train_interval_nmse=0.169663 valid_nmse=0.258633
2026-07-19 14:22:58,056 INFO [__main__] training progress step=2/2 epoch=2/2 train_interval_nmse=0.180040 valid_nmse=0.258633
2026-07-19 14:22:58,059 INFO [__main__] best T2 checkpoint restored step=1 valid_nmse=0.258633
2026-07-19 14:22:58,059 INFO [__main__] training done seconds=1.40
2026-07-19 14:22:58,059 INFO [__main__] evaluation start
2026-07-19 14:22:58,063 INFO [__main__] evaluation done adapted_nmse=0.726455
2026-07-19 14:23:00,246 INFO [__main__] outputs saved dir=outputs/adaptation/electricity/168_24/chronos/raw_euclidean_3_online/ts_ifa/TS-IFA
2026-07-19 14:23:00,246 INFO [__main__] experiment done seconds=6.18
2026-07-19 14:23:00,246 INFO [__main__] ========================================================================
2026-07-19T14:23:01+02:00 training done configuration=1/1 dataset=electricity model=chronos lags=168 horizon=24 retrieval=raw_euclidean_3_online

2026-07-19T14:23:01+02:00 job done kind=ts_ifa_training output=outputs/adaptation
